<?xml version="1.0" encoding="UTF-8"?>
<testng-results ignored="0" total="1" passed="1" failed="0" skipped="0">
  <reporter-output>
  </reporter-output>
  <suite started-at="2025-08-10T16:39:04 IST" name="Default suite" finished-at="2025-08-10T16:39:20 IST" duration-ms="15923">
    <groups>
    </groups>
    <test started-at="2025-08-10T16:39:04 IST" name="Default test" finished-at="2025-08-10T16:39:20 IST" duration-ms="15923">
      <class name="tests.SampleTest">
        <test-method is-config="true" signature="setup()[pri:0, instance:tests.SampleTest@750e2b97]" started-at="2025-08-10T16:39:04 IST" name="setup" finished-at="2025-08-10T16:39:16 IST" duration-ms="11454" status="PASS">
          <reporter-output>
          </reporter-output>
        </test-method> <!-- setup -->
        <test-method signature="testGoogleSearch()[pri:0, instance:tests.SampleTest@750e2b97]" started-at="2025-08-10T16:39:16 IST" name="testGoogleSearch" finished-at="2025-08-10T16:39:20 IST" duration-ms="4102" status="PASS">
          <reporter-output>
          </reporter-output>
        </test-method> <!-- testGoogleSearch -->
        <test-method is-config="true" signature="teardown()[pri:0, instance:tests.SampleTest@750e2b97]" started-at="2025-08-10T16:39:20 IST" name="teardown" finished-at="2025-08-10T16:39:20 IST" duration-ms="294" status="PASS">
          <reporter-output>
          </reporter-output>
        </test-method> <!-- teardown -->
      </class> <!-- tests.SampleTest -->
    </test> <!-- Default test -->
  </suite> <!-- Default suite -->
</testng-results>
