<?xml version="1.0" encoding="UTF-8"?>
<testng-results ignored="0" total="1" passed="1" failed="0" skipped="0">
  <reporter-output>
  </reporter-output>
  <suite started-at="2025-08-08T22:59:19 IST" name="Default suite" finished-at="2025-08-08T23:00:16 IST" duration-ms="56880">
    <groups>
    </groups>
    <test started-at="2025-08-08T22:59:19 IST" name="Default test" finished-at="2025-08-08T23:00:16 IST" duration-ms="56880">
      <class name="tests.LoginTest">
        <test-method is-config="true" signature="setupSuite()[pri:0, instance:tests.LoginTest@726e5805]" started-at="2025-08-08T22:59:19 IST" name="setupSuite" finished-at="2025-08-08T22:59:19 IST" duration-ms="26" status="PASS">
          <reporter-output>
          </reporter-output>
        </test-method> <!-- setupSuite -->
        <test-method is-config="true" signature="setup()[pri:0, instance:tests.LoginTest@726e5805]" started-at="2025-08-08T22:59:19 IST" name="setup" finished-at="2025-08-08T23:00:08 IST" duration-ms="48890" status="PASS">
          <reporter-output>
          </reporter-output>
        </test-method> <!-- setup -->
        <test-method is-config="true" signature="loginTest()[pri:0, instance:tests.LoginTest@726e5805]" started-at="2025-08-08T23:00:08 IST" name="loginTest" finished-at="2025-08-08T23:00:08 IST" duration-ms="426" status="PASS">
          <reporter-output>
          </reporter-output>
        </test-method> <!-- loginTest -->
        <test-method signature="loginTest()[pri:0, instance:tests.LoginTest@726e5805]" started-at="2025-08-08T23:00:08 IST" name="loginTest" finished-at="2025-08-08T23:00:15 IST" duration-ms="6804" status="PASS">
          <reporter-output>
          </reporter-output>
        </test-method> <!-- loginTest -->
        <test-method is-config="true" signature="tearDown()[pri:0, instance:tests.LoginTest@726e5805]" started-at="2025-08-08T23:00:15 IST" name="tearDown" finished-at="2025-08-08T23:00:16 IST" duration-ms="662" status="PASS">
          <reporter-output>
          </reporter-output>
        </test-method> <!-- tearDown -->
      </class> <!-- tests.LoginTest -->
    </test> <!-- Default test -->
  </suite> <!-- Default suite -->
</testng-results>
