<?xml version="1.0" encoding="UTF-8"?>
<!-- Generated by org.testng.reporters.JUnitXMLReporter -->
<testsuite ignored="0" hostname="DOLAP768" failures="1" tests="2" name="DemoTests" time="43.277" errors="0" timestamp="2025-08-10T14:40:16 IST">
  <testcase classname="tests.SampleTest" name="testGoogleSearch" time="5.14">
    <failure type="java.lang.AssertionError" message="Title validation failed! expected [true] but found [false]">
      <![CDATA[java.lang.AssertionError: Title validation failed! expected [true] but found [false]
at tests.SampleTest.testGoogleSearch(SampleTest.java:62)
at java.base/java.util.ArrayList.forEach(ArrayList.java:1511)
... Removed 30 stack frames]]>
    </failure>
  </testcase> <!-- testGoogleSearch -->
  <testcase classname="tests.SampleTest" name="testLoginPage" time="7.746"/>
</testsuite> <!-- DemoTests -->
